2024-11-01T18:16:29.943+07:00  INFO 93311 --- [BlogAPI] [restartedMain] i.x.project.blogapi.BlogApiApplication   : Starting BlogApiApplication using Java 17.0.11 with PID 93311 (/mnt/Development-Main/Xor/githubProjects/Springs/BlogAPI/target/classes started by vos in /mnt/Development-Main/Xor/githubProjects/Springs/BlogAPI)
2024-11-01T18:16:29.945+07:00  INFO 93311 --- [BlogAPI] [restartedMain] i.x.project.blogapi.BlogApiApplication   : No active profile set, falling back to 1 default profile: "default"
2024-11-01T18:16:29.973+07:00  INFO 93311 --- [BlogAPI] [restartedMain] .e.DevToolsPropertyDefaultsPostProcessor : Devtools property defaults active! Set 'spring.devtools.add-properties' to 'false' to disable
2024-11-01T18:16:29.973+07:00  INFO 93311 --- [BlogAPI] [restartedMain] .e.DevToolsPropertyDefaultsPostProcessor : For additional web related logging consider setting the 'logging.level.web' property to 'DEBUG'
2024-11-01T18:16:30.338+07:00  INFO 93311 --- [BlogAPI] [restartedMain] .s.d.r.c.RepositoryConfigurationDelegate : Bootstrapping Spring Data JPA repositories in DEFAULT mode.
2024-11-01T18:16:30.371+07:00  INFO 93311 --- [BlogAPI] [restartedMain] .s.d.r.c.RepositoryConfigurationDelegate : Finished Spring Data repository scanning in 28 ms. Found 1 JPA repository interface.
2024-11-01T18:16:30.677+07:00  INFO 93311 --- [BlogAPI] [restartedMain] o.s.b.w.embedded.tomcat.TomcatWebServer  : Tomcat initialized with port 8080 (http)
2024-11-01T18:16:30.684+07:00  INFO 93311 --- [BlogAPI] [restartedMain] o.apache.catalina.core.StandardService   : Starting service [Tomcat]
2024-11-01T18:16:30.684+07:00  INFO 93311 --- [BlogAPI] [restartedMain] o.apache.catalina.core.StandardEngine    : Starting Servlet engine: [Apache Tomcat/10.1.31]
2024-11-01T18:16:30.707+07:00  INFO 93311 --- [BlogAPI] [restartedMain] o.a.c.c.C.[Tomcat].[localhost].[/]       : Initializing Spring embedded WebApplicationContext
2024-11-01T18:16:30.707+07:00  INFO 93311 --- [BlogAPI] [restartedMain] w.s.c.ServletWebServerApplicationContext : Root WebApplicationContext: initialization completed in 734 ms
2024-11-01T18:16:30.786+07:00  INFO 93311 --- [BlogAPI] [restartedMain] o.hibernate.jpa.internal.util.LogHelper  : HHH000204: Processing PersistenceUnitInfo [name: default]
2024-11-01T18:16:30.812+07:00  INFO 93311 --- [BlogAPI] [restartedMain] org.hibernate.Version                    : HHH000412: Hibernate ORM core version 6.5.3.Final
2024-11-01T18:16:30.830+07:00  INFO 93311 --- [BlogAPI] [restartedMain] o.h.c.internal.RegionFactoryInitiator    : HHH000026: Second-level cache disabled
2024-11-01T18:16:30.990+07:00  INFO 93311 --- [BlogAPI] [restartedMain] o.s.o.j.p.SpringPersistenceUnitInfo      : No LoadTimeWeaver setup: ignoring JPA class transformer
2024-11-01T18:16:31.010+07:00  INFO 93311 --- [BlogAPI] [restartedMain] com.zaxxer.hikari.HikariDataSource       : HikariPool-1 - Starting...
2024-11-01T18:16:31.182+07:00  INFO 93311 --- [BlogAPI] [restartedMain] com.zaxxer.hikari.pool.HikariPool        : HikariPool-1 - Added connection com.mysql.cj.jdbc.ConnectionImpl@7015e81c
2024-11-01T18:16:31.183+07:00  INFO 93311 --- [BlogAPI] [restartedMain] com.zaxxer.hikari.HikariDataSource       : HikariPool-1 - Start completed.
2024-11-01T18:16:31.663+07:00  INFO 93311 --- [BlogAPI] [restartedMain] o.h.e.t.j.p.i.JtaPlatformInitiator       : HHH000489: No JTA platform available (set 'hibernate.transaction.jta.platform' to enable JTA platform integration)
2024-11-01T18:16:31.692+07:00  INFO 93311 --- [BlogAPI] [restartedMain] j.LocalContainerEntityManagerFactoryBean : Initialized JPA EntityManagerFactory for persistence unit 'default'
2024-11-01T18:16:31.745+07:00  WARN 93311 --- [BlogAPI] [restartedMain] JpaBaseConfiguration$JpaWebConfiguration : spring.jpa.open-in-view is enabled by default. Therefore, database queries may be performed during view rendering. Explicitly configure spring.jpa.open-in-view to disable this warning
2024-11-01T18:16:32.030+07:00  INFO 93311 --- [BlogAPI] [restartedMain] o.s.b.d.a.OptionalLiveReloadServer       : LiveReload server is running on port 35729
2024-11-01T18:16:32.047+07:00  INFO 93311 --- [BlogAPI] [restartedMain] o.s.b.w.embedded.tomcat.TomcatWebServer  : Tomcat started on port 8080 (http) with context path '/'
2024-11-01T18:16:32.054+07:00  INFO 93311 --- [BlogAPI] [restartedMain] i.x.project.blogapi.BlogApiApplication   : Started BlogApiApplication in 2.373 seconds (process running for 2.69)
2024-11-01T18:16:33.408+07:00  INFO 93311 --- [BlogAPI] [http-nio-8080-exec-2] o.a.c.c.C.[Tomcat].[localhost].[/]       : Initializing Spring DispatcherServlet 'dispatcherServlet'
2024-11-01T18:16:33.408+07:00  INFO 93311 --- [BlogAPI] [http-nio-8080-exec-2] o.s.web.servlet.DispatcherServlet        : Initializing Servlet 'dispatcherServlet'
2024-11-01T18:16:33.409+07:00  INFO 93311 --- [BlogAPI] [http-nio-8080-exec-2] o.s.web.servlet.DispatcherServlet        : Completed initialization in 1 ms
2024-11-01T18:16:33.432+07:00 ERROR 93311 --- [BlogAPI] [http-nio-8080-exec-2] i.x.p.b.e.GlobalExceptionHandler         : INTERNAL-ERROR: Resource POST : HERE ARE THE DETAILS
2024-11-01T18:16:33.469+07:00  WARN 93311 --- [BlogAPI] [http-nio-8080-exec-2] .m.m.a.ExceptionHandlerExceptionResolver : Resolved [io.xor.project.blogapi.exception.internal_exceptions.IE_PersistenceException: Resource POST : HERE ARE THE DETAILS]
